<?xml version="1.0" encoding="UTF-8"?>
<robot generator="Robot 6.1.1 (Python 3.10.12 on linux)" generated="20241114 15:17:47.539" rpa="false" schemaversion="4">
<suite id="s1" name="Tests" source="/home/txhanna/palautusrepositorio-ohtu/viikko3/web-login/src/tests">
<suite id="s1-s1" name="Home" source="/home/txhanna/palautusrepositorio-ohtu/viikko3/web-login/src/tests/home.robot">
<kw name="Open And Configure Browser" library="resource" type="SETUP">
<if>
<branch type="IF" condition="$BROWSER == 'chrome'">
<kw name="Evaluate" library="BuiltIn">
<var>${options}</var>
<arg>sys.modules['selenium.webdriver'].ChromeOptions()</arg>
<arg>sys</arg>
<doc>Evaluates the given expression in Python and returns the result.</doc>
<msg timestamp="20241114 15:17:47.753" level="INFO">${options} = &lt;selenium.webdriver.chrome.options.Options object at 0x77089af97790&gt;</msg>
<status status="PASS" starttime="20241114 15:17:47.753" endtime="20241114 15:17:47.753"/>
</kw>
<status status="PASS" starttime="20241114 15:17:47.738" endtime="20241114 15:17:47.753"/>
</branch>
<branch type="ELSE IF" condition="$BROWSER == 'firefox'">
<kw name="Evaluate" library="BuiltIn">
<var>${options}</var>
<arg>sys.modules['selenium.webdriver'].FirefoxOptions()</arg>
<arg>sys</arg>
<doc>Evaluates the given expression in Python and returns the result.</doc>
<status status="NOT RUN" starttime="20241114 15:17:47.753" endtime="20241114 15:17:47.754"/>
</kw>
<status status="NOT RUN" starttime="20241114 15:17:47.753" endtime="20241114 15:17:47.754"/>
</branch>
<status status="PASS" starttime="20241114 15:17:47.738" endtime="20241114 15:17:47.754"/>
</if>
<if>
<branch type="IF" condition="$HEADLESS == 'true'">
<kw name="Set Selenium Speed" library="SeleniumLibrary">
<arg>0</arg>
<doc>Sets the delay that is waited after each Selenium command.</doc>
<status status="NOT RUN" starttime="20241114 15:17:47.754" endtime="20241114 15:17:47.754"/>
</kw>
<kw name="Call Method" library="BuiltIn">
<arg>${options}</arg>
<arg>add_argument</arg>
<arg>--headless</arg>
<doc>Calls the named method of the given object with the provided arguments.</doc>
<status status="NOT RUN" starttime="20241114 15:17:47.754" endtime="20241114 15:17:47.754"/>
</kw>
<status status="NOT RUN" starttime="20241114 15:17:47.754" endtime="20241114 15:17:47.754"/>
</branch>
<branch type="ELSE">
<kw name="Set Selenium Speed" library="SeleniumLibrary">
<arg>${DELAY}</arg>
<doc>Sets the delay that is waited after each Selenium command.</doc>
<status status="PASS" starttime="20241114 15:17:47.754" endtime="20241114 15:17:47.754"/>
</kw>
<status status="PASS" starttime="20241114 15:17:47.754" endtime="20241114 15:17:47.754"/>
</branch>
<status status="PASS" starttime="20241114 15:17:47.754" endtime="20241114 15:17:47.754"/>
</if>
<kw name="Open Browser" library="SeleniumLibrary">
<arg>browser=${BROWSER}</arg>
<arg>options=${options}</arg>
<doc>Opens a new browser instance to the optional ``url``.</doc>
<msg timestamp="20241114 15:17:47.755" level="INFO">Opening browser 'chrome' to base url 'None'.</msg>
<msg timestamp="20241114 15:17:47.809" level="WARN">The chromedriver version (130.0.6723.91) detected in PATH at /usr/bin/chromedriver might not be compatible with the detected chrome version (131.0.6778.69); currently, chromedriver 131.0.6778.69 is recommended for chrome 131.*, so it is advised to delete the driver in PATH and retry</msg>
<status status="PASS" starttime="20241114 15:17:47.754" endtime="20241114 15:17:48.324"/>
</kw>
<status status="PASS" starttime="20241114 15:17:47.737" endtime="20241114 15:17:48.324"/>
</kw>
<test id="s1-s1-t1" name="Click Login Link" line="8">
<kw name="Reset Application And Go To Starting Page" type="SETUP">
<kw name="Reset Application" library="AppLibrary">
<status status="PASS" starttime="20241114 15:17:48.325" endtime="20241114 15:17:48.329"/>
</kw>
<kw name="Go To Starting Page" library="resource">
<kw name="Go To" library="SeleniumLibrary">
<arg>${HOME_URL}</arg>
<doc>Navigates the current browser window to the provided ``url``.</doc>
<msg timestamp="20241114 15:17:48.330" level="INFO">Opening url 'http://localhost:5001'</msg>
<status status="PASS" starttime="20241114 15:17:48.330" endtime="20241114 15:17:48.867"/>
</kw>
<status status="PASS" starttime="20241114 15:17:48.329" endtime="20241114 15:17:48.868"/>
</kw>
<status status="PASS" starttime="20241114 15:17:48.325" endtime="20241114 15:17:48.868"/>
</kw>
<kw name="Click Link" library="SeleniumLibrary">
<arg>Login</arg>
<doc>Clicks a link identified by ``locator``.</doc>
<msg timestamp="20241114 15:17:48.869" level="INFO">Clicking link 'Login'.</msg>
<status status="PASS" starttime="20241114 15:17:48.868" endtime="20241114 15:17:50.466"/>
</kw>
<kw name="Login Page Should Be Open" library="resource">
<kw name="Title Should Be" library="SeleniumLibrary">
<arg>Login</arg>
<doc>Verifies that the current page title equals ``title``.</doc>
<msg timestamp="20241114 15:17:50.976" level="INFO">Page title is 'Login'.</msg>
<status status="PASS" starttime="20241114 15:17:50.467" endtime="20241114 15:17:50.977"/>
</kw>
<status status="PASS" starttime="20241114 15:17:50.466" endtime="20241114 15:17:50.977"/>
</kw>
<status status="PASS" starttime="20241114 15:17:48.324" endtime="20241114 15:17:50.977"/>
</test>
<test id="s1-s1-t2" name="Click Register Link" line="12">
<kw name="Reset Application And Go To Starting Page" type="SETUP">
<kw name="Reset Application" library="AppLibrary">
<status status="PASS" starttime="20241114 15:17:50.979" endtime="20241114 15:17:50.984"/>
</kw>
<kw name="Go To Starting Page" library="resource">
<kw name="Go To" library="SeleniumLibrary">
<arg>${HOME_URL}</arg>
<doc>Navigates the current browser window to the provided ``url``.</doc>
<msg timestamp="20241114 15:17:50.986" level="INFO">Opening url 'http://localhost:5001'</msg>
<status status="PASS" starttime="20241114 15:17:50.985" endtime="20241114 15:17:51.515"/>
</kw>
<status status="PASS" starttime="20241114 15:17:50.985" endtime="20241114 15:17:51.515"/>
</kw>
<status status="PASS" starttime="20241114 15:17:50.979" endtime="20241114 15:17:51.515"/>
</kw>
<kw name="Click Link" library="SeleniumLibrary">
<arg>Register new user</arg>
<doc>Clicks a link identified by ``locator``.</doc>
<msg timestamp="20241114 15:17:51.516" level="INFO">Clicking link 'Register new user'.</msg>
<status status="PASS" starttime="20241114 15:17:51.515" endtime="20241114 15:17:53.095"/>
</kw>
<kw name="Register Page Should Be Open" library="resource">
<kw name="Title Should Be" library="SeleniumLibrary">
<arg>Register</arg>
<doc>Verifies that the current page title equals ``title``.</doc>
<msg timestamp="20241114 15:17:53.605" level="INFO">Page title is 'Register'.</msg>
<status status="PASS" starttime="20241114 15:17:53.096" endtime="20241114 15:17:53.605"/>
</kw>
<status status="PASS" starttime="20241114 15:17:53.096" endtime="20241114 15:17:53.606"/>
</kw>
<status status="PASS" starttime="20241114 15:17:50.978" endtime="20241114 15:17:53.606"/>
</test>
<kw name="Close Browser" library="SeleniumLibrary" type="TEARDOWN">
<doc>Closes the current browser.</doc>
<status status="PASS" starttime="20241114 15:17:53.607" endtime="20241114 15:17:54.167"/>
</kw>
<status status="PASS" starttime="20241114 15:17:47.554" endtime="20241114 15:17:54.167"/>
</suite>
<suite id="s1-s2" name="Login" source="/home/txhanna/palautusrepositorio-ohtu/viikko3/web-login/src/tests/login.robot">
<kw name="Open And Configure Browser" library="resource" type="SETUP">
<if>
<branch type="IF" condition="$BROWSER == 'chrome'">
<kw name="Evaluate" library="BuiltIn">
<var>${options}</var>
<arg>sys.modules['selenium.webdriver'].ChromeOptions()</arg>
<arg>sys</arg>
<doc>Evaluates the given expression in Python and returns the result.</doc>
<msg timestamp="20241114 15:17:54.177" level="INFO">${options} = &lt;selenium.webdriver.chrome.options.Options object at 0x77089b031c60&gt;</msg>
<status status="PASS" starttime="20241114 15:17:54.176" endtime="20241114 15:17:54.177"/>
</kw>
<status status="PASS" starttime="20241114 15:17:54.176" endtime="20241114 15:17:54.177"/>
</branch>
<branch type="ELSE IF" condition="$BROWSER == 'firefox'">
<kw name="Evaluate" library="BuiltIn">
<var>${options}</var>
<arg>sys.modules['selenium.webdriver'].FirefoxOptions()</arg>
<arg>sys</arg>
<doc>Evaluates the given expression in Python and returns the result.</doc>
<status status="NOT RUN" starttime="20241114 15:17:54.177" endtime="20241114 15:17:54.178"/>
</kw>
<status status="NOT RUN" starttime="20241114 15:17:54.177" endtime="20241114 15:17:54.178"/>
</branch>
<status status="PASS" starttime="20241114 15:17:54.176" endtime="20241114 15:17:54.178"/>
</if>
<if>
<branch type="IF" condition="$HEADLESS == 'true'">
<kw name="Set Selenium Speed" library="SeleniumLibrary">
<arg>0</arg>
<doc>Sets the delay that is waited after each Selenium command.</doc>
<status status="NOT RUN" starttime="20241114 15:17:54.178" endtime="20241114 15:17:54.178"/>
</kw>
<kw name="Call Method" library="BuiltIn">
<arg>${options}</arg>
<arg>add_argument</arg>
<arg>--headless</arg>
<doc>Calls the named method of the given object with the provided arguments.</doc>
<status status="NOT RUN" starttime="20241114 15:17:54.179" endtime="20241114 15:17:54.179"/>
</kw>
<status status="NOT RUN" starttime="20241114 15:17:54.178" endtime="20241114 15:17:54.179"/>
</branch>
<branch type="ELSE">
<kw name="Set Selenium Speed" library="SeleniumLibrary">
<arg>${DELAY}</arg>
<doc>Sets the delay that is waited after each Selenium command.</doc>
<status status="PASS" starttime="20241114 15:17:54.179" endtime="20241114 15:17:54.180"/>
</kw>
<status status="PASS" starttime="20241114 15:17:54.179" endtime="20241114 15:17:54.180"/>
</branch>
<status status="PASS" starttime="20241114 15:17:54.178" endtime="20241114 15:17:54.180"/>
</if>
<kw name="Open Browser" library="SeleniumLibrary">
<arg>browser=${BROWSER}</arg>
<arg>options=${options}</arg>
<doc>Opens a new browser instance to the optional ``url``.</doc>
<msg timestamp="20241114 15:17:54.181" level="INFO">Opening browser 'chrome' to base url 'None'.</msg>
<msg timestamp="20241114 15:17:54.260" level="WARN">The chromedriver version (130.0.6723.91) detected in PATH at /usr/bin/chromedriver might not be compatible with the detected chrome version (131.0.6778.69); currently, chromedriver 131.0.6778.69 is recommended for chrome 131.*, so it is advised to delete the driver in PATH and retry</msg>
<status status="PASS" starttime="20241114 15:17:54.180" endtime="20241114 15:17:54.770"/>
</kw>
<status status="PASS" starttime="20241114 15:17:54.176" endtime="20241114 15:17:54.770"/>
</kw>
<test id="s1-s2-t1" name="Login With Correct Credentials" line="8">
<kw name="Reset Application Create User And Go To Login Page" type="SETUP">
<kw name="Reset Application" library="AppLibrary">
<status status="PASS" starttime="20241114 15:17:54.772" endtime="20241114 15:17:54.775"/>
</kw>
<kw name="Create User" library="AppLibrary">
<arg>kalle</arg>
<arg>kalle123</arg>
<status status="PASS" starttime="20241114 15:17:54.775" endtime="20241114 15:17:54.781"/>
</kw>
<kw name="Go To Login Page" library="resource">
<kw name="Go To" library="SeleniumLibrary">
<arg>${LOGIN_URL}</arg>
<doc>Navigates the current browser window to the provided ``url``.</doc>
<msg timestamp="20241114 15:17:54.782" level="INFO">Opening url 'http://localhost:5001/login'</msg>
<status status="PASS" starttime="20241114 15:17:54.782" endtime="20241114 15:17:55.325"/>
</kw>
<status status="PASS" starttime="20241114 15:17:54.781" endtime="20241114 15:17:55.325"/>
</kw>
<status status="PASS" starttime="20241114 15:17:54.771" endtime="20241114 15:17:55.325"/>
</kw>
<kw name="Set Username">
<arg>kalle</arg>
<kw name="Input Text" library="SeleniumLibrary">
<arg>username</arg>
<arg>${username}</arg>
<doc>Types the given ``text`` into the text field identified by ``locator``.</doc>
<msg timestamp="20241114 15:17:55.327" level="INFO">Typing text 'kalle' into text field 'username'.</msg>
<status status="PASS" starttime="20241114 15:17:55.326" endtime="20241114 15:17:56.960"/>
</kw>
<status status="PASS" starttime="20241114 15:17:55.325" endtime="20241114 15:17:56.960"/>
</kw>
<kw name="Set Password">
<arg>kalle123</arg>
<kw name="Input Password" library="SeleniumLibrary">
<arg>password</arg>
<arg>${password}</arg>
<doc>Types the given password into the text field identified by ``locator``.</doc>
<msg timestamp="20241114 15:17:56.962" level="INFO">Typing password into text field 'password'.</msg>
<msg timestamp="20241114 15:17:58.007" level="INFO">Temporally setting log level to: NONE</msg>
<msg timestamp="20241114 15:17:58.547" level="INFO">Log level changed from NONE to INFO.</msg>
<status status="PASS" starttime="20241114 15:17:56.961" endtime="20241114 15:17:58.547"/>
</kw>
<status status="PASS" starttime="20241114 15:17:56.960" endtime="20241114 15:17:58.547"/>
</kw>
<kw name="Submit Credentials">
<kw name="Click Button" library="SeleniumLibrary">
<arg>Login</arg>
<doc>Clicks the button identified by ``locator``.</doc>
<msg timestamp="20241114 15:17:58.549" level="INFO">Clicking button 'Login'.</msg>
<status status="PASS" starttime="20241114 15:17:58.548" endtime="20241114 15:18:00.660"/>
</kw>
<status status="PASS" starttime="20241114 15:17:58.548" endtime="20241114 15:18:00.660"/>
</kw>
<kw name="Login Should Succeed">
<kw name="Main Page Should Be Open" library="resource">
<kw name="Title Should Be" library="SeleniumLibrary">
<arg>Ohtu Application main page</arg>
<doc>Verifies that the current page title equals ``title``.</doc>
<msg timestamp="20241114 15:18:01.172" level="INFO">Page title is 'Ohtu Application main page'.</msg>
<status status="PASS" starttime="20241114 15:18:00.662" endtime="20241114 15:18:01.172"/>
</kw>
<status status="PASS" starttime="20241114 15:18:00.661" endtime="20241114 15:18:01.172"/>
</kw>
<status status="PASS" starttime="20241114 15:18:00.661" endtime="20241114 15:18:01.172"/>
</kw>
<status status="PASS" starttime="20241114 15:17:54.771" endtime="20241114 15:18:01.173"/>
</test>
<test id="s1-s2-t2" name="Login With Incorrect Password" line="14">
<kw name="Reset Application Create User And Go To Login Page" type="SETUP">
<kw name="Reset Application" library="AppLibrary">
<status status="PASS" starttime="20241114 15:18:01.174" endtime="20241114 15:18:01.180"/>
</kw>
<kw name="Create User" library="AppLibrary">
<arg>kalle</arg>
<arg>kalle123</arg>
<status status="PASS" starttime="20241114 15:18:01.180" endtime="20241114 15:18:01.189"/>
</kw>
<kw name="Go To Login Page" library="resource">
<kw name="Go To" library="SeleniumLibrary">
<arg>${LOGIN_URL}</arg>
<doc>Navigates the current browser window to the provided ``url``.</doc>
<msg timestamp="20241114 15:18:01.190" level="INFO">Opening url 'http://localhost:5001/login'</msg>
<status status="PASS" starttime="20241114 15:18:01.189" endtime="20241114 15:18:01.718"/>
</kw>
<status status="PASS" starttime="20241114 15:18:01.189" endtime="20241114 15:18:01.718"/>
</kw>
<status status="PASS" starttime="20241114 15:18:01.174" endtime="20241114 15:18:01.718"/>
</kw>
<kw name="Set Username">
<arg>kalle</arg>
<kw name="Input Text" library="SeleniumLibrary">
<arg>username</arg>
<arg>${username}</arg>
<doc>Types the given ``text`` into the text field identified by ``locator``.</doc>
<msg timestamp="20241114 15:18:01.720" level="INFO">Typing text 'kalle' into text field 'username'.</msg>
<status status="PASS" starttime="20241114 15:18:01.719" endtime="20241114 15:18:03.304"/>
</kw>
<status status="PASS" starttime="20241114 15:18:01.718" endtime="20241114 15:18:03.304"/>
</kw>
<kw name="Set Password">
<arg>kalle456</arg>
<kw name="Input Password" library="SeleniumLibrary">
<arg>password</arg>
<arg>${password}</arg>
<doc>Types the given password into the text field identified by ``locator``.</doc>
<msg timestamp="20241114 15:18:03.306" level="INFO">Typing password into text field 'password'.</msg>
<msg timestamp="20241114 15:18:04.345" level="INFO">Temporally setting log level to: NONE</msg>
<msg timestamp="20241114 15:18:04.889" level="INFO">Log level changed from NONE to INFO.</msg>
<status status="PASS" starttime="20241114 15:18:03.305" endtime="20241114 15:18:04.889"/>
</kw>
<status status="PASS" starttime="20241114 15:18:03.304" endtime="20241114 15:18:04.889"/>
</kw>
<kw name="Submit Credentials">
<kw name="Click Button" library="SeleniumLibrary">
<arg>Login</arg>
<doc>Clicks the button identified by ``locator``.</doc>
<msg timestamp="20241114 15:18:04.891" level="INFO">Clicking button 'Login'.</msg>
<status status="PASS" starttime="20241114 15:18:04.890" endtime="20241114 15:18:06.969"/>
</kw>
<status status="PASS" starttime="20241114 15:18:04.890" endtime="20241114 15:18:06.969"/>
</kw>
<kw name="Login Should Fail With Message">
<arg>Invalid username or password</arg>
<kw name="Login Page Should Be Open" library="resource">
<kw name="Title Should Be" library="SeleniumLibrary">
<arg>Login</arg>
<doc>Verifies that the current page title equals ``title``.</doc>
<msg timestamp="20241114 15:18:07.479" level="INFO">Page title is 'Login'.</msg>
<status status="PASS" starttime="20241114 15:18:06.970" endtime="20241114 15:18:07.479"/>
</kw>
<status status="PASS" starttime="20241114 15:18:06.970" endtime="20241114 15:18:07.479"/>
</kw>
<kw name="Page Should Contain" library="SeleniumLibrary">
<arg>${message}</arg>
<doc>Verifies that current page contains ``text``.</doc>
<msg timestamp="20241114 15:18:08.509" level="INFO">Current page contains text 'Invalid username or password'.</msg>
<status status="PASS" starttime="20241114 15:18:07.479" endtime="20241114 15:18:08.509"/>
</kw>
<status status="PASS" starttime="20241114 15:18:06.969" endtime="20241114 15:18:08.509"/>
</kw>
<status status="PASS" starttime="20241114 15:18:01.173" endtime="20241114 15:18:08.509"/>
</test>
<test id="s1-s2-t3" name="Login With Nonexistent Username" line="20">
<kw name="Reset Application Create User And Go To Login Page" type="SETUP">
<kw name="Reset Application" library="AppLibrary">
<status status="PASS" starttime="20241114 15:18:08.512" endtime="20241114 15:18:08.517"/>
</kw>
<kw name="Create User" library="AppLibrary">
<arg>kalle</arg>
<arg>kalle123</arg>
<status status="PASS" starttime="20241114 15:18:08.518" endtime="20241114 15:18:08.527"/>
</kw>
<kw name="Go To Login Page" library="resource">
<kw name="Go To" library="SeleniumLibrary">
<arg>${LOGIN_URL}</arg>
<doc>Navigates the current browser window to the provided ``url``.</doc>
<msg timestamp="20241114 15:18:08.529" level="INFO">Opening url 'http://localhost:5001/login'</msg>
<status status="PASS" starttime="20241114 15:18:08.528" endtime="20241114 15:18:09.060"/>
</kw>
<status status="PASS" starttime="20241114 15:18:08.528" endtime="20241114 15:18:09.060"/>
</kw>
<status status="PASS" starttime="20241114 15:18:08.511" endtime="20241114 15:18:09.060"/>
</kw>
<kw name="Set Username">
<arg>liisa</arg>
<kw name="Input Text" library="SeleniumLibrary">
<arg>username</arg>
<arg>${username}</arg>
<doc>Types the given ``text`` into the text field identified by ``locator``.</doc>
<msg timestamp="20241114 15:18:09.062" level="INFO">Typing text 'liisa' into text field 'username'.</msg>
<status status="PASS" starttime="20241114 15:18:09.061" endtime="20241114 15:18:10.643"/>
</kw>
<status status="PASS" starttime="20241114 15:18:09.060" endtime="20241114 15:18:10.643"/>
</kw>
<kw name="Set Password">
<arg>liisa123</arg>
<kw name="Input Password" library="SeleniumLibrary">
<arg>password</arg>
<arg>${password}</arg>
<doc>Types the given password into the text field identified by ``locator``.</doc>
<msg timestamp="20241114 15:18:10.645" level="INFO">Typing password into text field 'password'.</msg>
<msg timestamp="20241114 15:18:11.684" level="INFO">Temporally setting log level to: NONE</msg>
<msg timestamp="20241114 15:18:12.224" level="INFO">Log level changed from NONE to INFO.</msg>
<status status="PASS" starttime="20241114 15:18:10.644" endtime="20241114 15:18:12.224"/>
</kw>
<status status="PASS" starttime="20241114 15:18:10.643" endtime="20241114 15:18:12.224"/>
</kw>
<kw name="Submit Credentials">
<kw name="Click Button" library="SeleniumLibrary">
<arg>Login</arg>
<doc>Clicks the button identified by ``locator``.</doc>
<msg timestamp="20241114 15:18:12.226" level="INFO">Clicking button 'Login'.</msg>
<status status="PASS" starttime="20241114 15:18:12.225" endtime="20241114 15:18:14.301"/>
</kw>
<status status="PASS" starttime="20241114 15:18:12.225" endtime="20241114 15:18:14.301"/>
</kw>
<kw name="Login Should Fail With Message">
<arg>Invalid username or password</arg>
<kw name="Login Page Should Be Open" library="resource">
<kw name="Title Should Be" library="SeleniumLibrary">
<arg>Login</arg>
<doc>Verifies that the current page title equals ``title``.</doc>
<msg timestamp="20241114 15:18:14.812" level="INFO">Page title is 'Login'.</msg>
<status status="PASS" starttime="20241114 15:18:14.302" endtime="20241114 15:18:14.812"/>
</kw>
<status status="PASS" starttime="20241114 15:18:14.302" endtime="20241114 15:18:14.812"/>
</kw>
<kw name="Page Should Contain" library="SeleniumLibrary">
<arg>${message}</arg>
<doc>Verifies that current page contains ``text``.</doc>
<msg timestamp="20241114 15:18:15.836" level="INFO">Current page contains text 'Invalid username or password'.</msg>
<status status="PASS" starttime="20241114 15:18:14.812" endtime="20241114 15:18:15.836"/>
</kw>
<status status="PASS" starttime="20241114 15:18:14.301" endtime="20241114 15:18:15.836"/>
</kw>
<status status="PASS" starttime="20241114 15:18:08.510" endtime="20241114 15:18:15.836"/>
</test>
<kw name="Close Browser" library="SeleniumLibrary" type="TEARDOWN">
<doc>Closes the current browser.</doc>
<status status="PASS" starttime="20241114 15:18:15.837" endtime="20241114 15:18:16.396"/>
</kw>
<status status="PASS" starttime="20241114 15:17:54.169" endtime="20241114 15:18:16.396"/>
</suite>
<status status="PASS" starttime="20241114 15:17:47.540" endtime="20241114 15:18:16.399"/>
</suite>
<statistics>
<total>
<stat pass="5" fail="0" skip="0">All Tests</stat>
</total>
<tag>
</tag>
<suite>
<stat pass="5" fail="0" skip="0" id="s1" name="Tests">Tests</stat>
<stat pass="2" fail="0" skip="0" id="s1-s1" name="Home">Tests.Home</stat>
<stat pass="3" fail="0" skip="0" id="s1-s2" name="Login">Tests.Login</stat>
</suite>
</statistics>
<errors>
<msg timestamp="20241114 15:17:47.809" level="WARN">The chromedriver version (130.0.6723.91) detected in PATH at /usr/bin/chromedriver might not be compatible with the detected chrome version (131.0.6778.69); currently, chromedriver 131.0.6778.69 is recommended for chrome 131.*, so it is advised to delete the driver in PATH and retry</msg>
<msg timestamp="20241114 15:17:54.260" level="WARN">The chromedriver version (130.0.6723.91) detected in PATH at /usr/bin/chromedriver might not be compatible with the detected chrome version (131.0.6778.69); currently, chromedriver 131.0.6778.69 is recommended for chrome 131.*, so it is advised to delete the driver in PATH and retry</msg>
</errors>
</robot>
